[debug] [2017-08-18T21:55:57.580Z] ----------------------------------------------------------------------
[debug] [2017-08-18T21:55:57.583Z] Command:       /usr/local/bin/node /usr/local/bin/firebase serve
[debug] [2017-08-18T21:55:57.583Z] CLI Version:   3.9.2
[debug] [2017-08-18T21:55:57.584Z] Platform:      darwin
[debug] [2017-08-18T21:55:57.584Z] Node Version:  v6.11.2
[debug] [2017-08-18T21:55:57.584Z] Time:          Fri Aug 18 2017 17:55:57 GMT-0400 (EDT)
[debug] [2017-08-18T21:55:57.584Z] ----------------------------------------------------------------------
[debug] 
[debug] [2017-08-18T21:55:57.602Z] > command requires scopes: ["email","openid","https://www.googleapis.com/auth/cloudplatformprojects.readonly","https://www.googleapis.com/auth/firebase","https://www.googleapis.com/auth/cloud-platform"]
[debug] [2017-08-18T21:55:57.602Z] > authorizing via signed-in user
[debug] [2017-08-18T21:55:57.605Z] > refreshing access token with scopes: ["email","https://www.googleapis.com/auth/cloud-platform","https://www.googleapis.com/auth/cloudplatformprojects.readonly","https://www.googleapis.com/auth/firebase","openid"]
[debug] [2017-08-18T21:55:57.605Z] >>> HTTP REQUEST POST https://www.googleapis.com/oauth2/v3/token { refresh_token: '1/YmmS7hIzhM83oTUy5ScPplsp1ALGTaESDljvx9W5PJo',
  client_id: '563584335869-fgrhgmd47bqnekij5i8b5pr03ho849e6.apps.googleusercontent.com',
  client_secret: 'j9iVZfS8kkCEFUPaAeJV0sAi',
  grant_type: 'refresh_token',
  scope: 'email https://www.googleapis.com/auth/cloud-platform https://www.googleapis.com/auth/cloudplatformprojects.readonly https://www.googleapis.com/auth/firebase openid' } 
 Fri Aug 18 2017 17:55:57 GMT-0400 (EDT)
[debug] [2017-08-18T21:55:57.806Z] <<< HTTP RESPONSE 200
[debug] [2017-08-18T21:55:57.829Z] >>> HTTP REQUEST GET https://admin.firebase.com/v1/projects/blocitoff-3eb16  
 Fri Aug 18 2017 17:55:57 GMT-0400 (EDT)
[debug] [2017-08-18T21:55:58.226Z] <<< HTTP RESPONSE 200
[debug] [2017-08-18T21:55:58.226Z] >>> HTTP REQUEST GET https://admin.firebase.com/v1/database/blocitoff-3eb16/tokens  
 Fri Aug 18 2017 17:55:58 GMT-0400 (EDT)
[debug] [2017-08-18T21:55:58.613Z] <<< HTTP RESPONSE 200
[info] 
[info] === Serving from '/Users/bperlik/code/bloc/blocitoff'...
[info] 
[debug] [2017-08-18T21:55:58.617Z] >>> HTTP REQUEST GET https://cloudresourcemanager.googleapis.com/v1/projects/blocitoff-3eb16  
 Fri Aug 18 2017 17:55:58 GMT-0400 (EDT)
[debug] [2017-08-18T21:55:59.047Z] <<< HTTP RESPONSE 200
[debug] [2017-08-18T21:55:59.047Z] >>> HTTP REQUEST GET https://mobilesdk-pa.googleapis.com/v1/projects/1073991083002/clients/_:getWebAppConfig  
 Fri Aug 18 2017 17:55:59 GMT-0400 (EDT)
[debug] [2017-08-18T21:56:00.883Z] <<< HTTP RESPONSE 200
[info] i  hosting: Serving hosting files from: public
[info] ✔  hosting: Local server: http://localhost:5000

